<?xml version="1.0" encoding="UTF-8"?>
<testsuite xmlns:xsi="http://www.w3.org/2001/XMLSchema-instance" xsi:noNamespaceSchemaLocation="https://maven.apache.org/surefire/maven-surefire-plugin/xsd/surefire-test-report.xsd" name="com.senai.inscricao.PaginaInscricaoSenaiApplicationTests" time="8.189" tests="1" errors="0" skipped="0" failures="0">
  <properties>
    <property name="sun.desktop" value="windows"/>
    <property name="awt.toolkit" value="sun.awt.windows.WToolkit"/>
    <property name="file.encoding.pkg" value="sun.io"/>
    <property name="java.specification.version" value="1.8"/>
    <property name="sun.cpu.isalist" value="amd64"/>
    <property name="sun.jnu.encoding" value="Cp1252"/>
    <property name="java.class.path" value="C:\Users\Cochito Desktop\Documents\GitHub\workspace\inscricao-senai-heroku\target\test-classes;C:\Users\Cochito Desktop\Documents\GitHub\workspace\inscricao-senai-heroku\target\classes;C:\Users\Cochito Desktop\.m2\repository\org\springframework\boot\spring-boot-starter-data-jpa\2.5.10\spring-boot-starter-data-jpa-2.5.10.jar;C:\Users\Cochito Desktop\.m2\repository\org\springframework\boot\spring-boot-starter-aop\2.5.10\spring-boot-starter-aop-2.5.10.jar;C:\Users\Cochito Desktop\.m2\repository\org\aspectj\aspectjweaver\1.9.7\aspectjweaver-1.9.7.jar;C:\Users\Cochito Desktop\.m2\repository\org\springframework\boot\spring-boot-starter-jdbc\2.5.10\spring-boot-starter-jdbc-2.5.10.jar;C:\Users\Cochito Desktop\.m2\repository\com\zaxxer\HikariCP\4.0.3\HikariCP-4.0.3.jar;C:\Users\Cochito Desktop\.m2\repository\org\springframework\spring-jdbc\5.3.16\spring-jdbc-5.3.16.jar;C:\Users\Cochito Desktop\.m2\repository\jakarta\transaction\jakarta.transaction-api\1.3.3\jakarta.transaction-api-1.3.3.jar;C:\Users\Cochito Desktop\.m2\repository\jakarta\persistence\jakarta.persistence-api\2.2.3\jakarta.persistence-api-2.2.3.jar;C:\Users\Cochito Desktop\.m2\repository\org\hibernate\hibernate-core\5.4.33\hibernate-core-5.4.33.jar;C:\Users\Cochito Desktop\.m2\repository\org\jboss\logging\jboss-logging\3.4.3.Final\jboss-logging-3.4.3.Final.jar;C:\Users\Cochito Desktop\.m2\repository\org\javassist\javassist\3.27.0-GA\javassist-3.27.0-GA.jar;C:\Users\Cochito Desktop\.m2\repository\net\bytebuddy\byte-buddy\1.10.22\byte-buddy-1.10.22.jar;C:\Users\Cochito Desktop\.m2\repository\antlr\antlr\2.7.7\antlr-2.7.7.jar;C:\Users\Cochito Desktop\.m2\repository\org\jboss\jandex\2.2.3.Final\jandex-2.2.3.Final.jar;C:\Users\Cochito Desktop\.m2\repository\com\fasterxml\classmate\1.5.1\classmate-1.5.1.jar;C:\Users\Cochito Desktop\.m2\repository\org\dom4j\dom4j\2.1.3\dom4j-2.1.3.jar;C:\Users\Cochito Desktop\.m2\repository\org\hibernate\common\hibernate-commons-annotations\5.1.2.Final\hibernate-commons-annotations-5.1.2.Final.jar;C:\Users\Cochito Desktop\.m2\repository\org\glassfish\jaxb\jaxb-runtime\2.3.6\jaxb-runtime-2.3.6.jar;C:\Users\Cochito Desktop\.m2\repository\org\glassfish\jaxb\txw2\2.3.6\txw2-2.3.6.jar;C:\Users\Cochito Desktop\.m2\repository\com\sun\istack\istack-commons-runtime\3.0.12\istack-commons-runtime-3.0.12.jar;C:\Users\Cochito Desktop\.m2\repository\com\sun\activation\jakarta.activation\1.2.2\jakarta.activation-1.2.2.jar;C:\Users\Cochito Desktop\.m2\repository\org\springframework\data\spring-data-jpa\2.5.9\spring-data-jpa-2.5.9.jar;C:\Users\Cochito Desktop\.m2\repository\org\springframework\data\spring-data-commons\2.5.9\spring-data-commons-2.5.9.jar;C:\Users\Cochito Desktop\.m2\repository\org\springframework\spring-orm\5.3.16\spring-orm-5.3.16.jar;C:\Users\Cochito Desktop\.m2\repository\org\springframework\spring-context\5.3.16\spring-context-5.3.16.jar;C:\Users\Cochito Desktop\.m2\repository\org\springframework\spring-tx\5.3.16\spring-tx-5.3.16.jar;C:\Users\Cochito Desktop\.m2\repository\org\springframework\spring-beans\5.3.16\spring-beans-5.3.16.jar;C:\Users\Cochito Desktop\.m2\repository\org\springframework\spring-aspects\5.3.16\spring-aspects-5.3.16.jar;C:\Users\Cochito Desktop\.m2\repository\org\springframework\boot\spring-boot-starter-thymeleaf\2.5.10\spring-boot-starter-thymeleaf-2.5.10.jar;C:\Users\Cochito Desktop\.m2\repository\org\springframework\boot\spring-boot-starter\2.5.10\spring-boot-starter-2.5.10.jar;C:\Users\Cochito Desktop\.m2\repository\org\springframework\boot\spring-boot-starter-logging\2.5.10\spring-boot-starter-logging-2.5.10.jar;C:\Users\Cochito Desktop\.m2\repository\ch\qos\logback\logback-classic\1.2.10\logback-classic-1.2.10.jar;C:\Users\Cochito Desktop\.m2\repository\ch\qos\logback\logback-core\1.2.10\logback-core-1.2.10.jar;C:\Users\Cochito Desktop\.m2\repository\org\apache\logging\log4j\log4j-to-slf4j\2.17.1\log4j-to-slf4j-2.17.1.jar;C:\Users\Cochito Desktop\.m2\repository\org\apache\logging\log4j\log4j-api\2.17.1\log4j-api-2.17.1.jar;C:\Users\Cochito Desktop\.m2\repository\org\slf4j\jul-to-slf4j\1.7.36\jul-to-slf4j-1.7.36.jar;C:\Users\Cochito Desktop\.m2\repository\jakarta\annotation\jakarta.annotation-api\1.3.5\jakarta.annotation-api-1.3.5.jar;C:\Users\Cochito Desktop\.m2\repository\org\yaml\snakeyaml\1.28\snakeyaml-1.28.jar;C:\Users\Cochito Desktop\.m2\repository\org\thymeleaf\thymeleaf-spring5\3.0.15.RELEASE\thymeleaf-spring5-3.0.15.RELEASE.jar;C:\Users\Cochito Desktop\.m2\repository\org\thymeleaf\extras\thymeleaf-extras-java8time\3.0.4.RELEASE\thymeleaf-extras-java8time-3.0.4.RELEASE.jar;C:\Users\Cochito Desktop\.m2\repository\org\thymeleaf\extras\thymeleaf-extras-springsecurity5\3.0.4.RELEASE\thymeleaf-extras-springsecurity5-3.0.4.RELEASE.jar;C:\Users\Cochito Desktop\.m2\repository\org\slf4j\slf4j-api\1.7.36\slf4j-api-1.7.36.jar;C:\Users\Cochito Desktop\.m2\repository\javax\servlet\jstl\1.2\jstl-1.2.jar;C:\Users\Cochito Desktop\.m2\repository\org\springframework\boot\spring-boot-starter-web\2.5.10\spring-boot-starter-web-2.5.10.jar;C:\Users\Cochito Desktop\.m2\repository\org\springframework\boot\spring-boot-starter-json\2.5.10\spring-boot-starter-json-2.5.10.jar;C:\Users\Cochito Desktop\.m2\repository\com\fasterxml\jackson\datatype\jackson-datatype-jdk8\2.12.6\jackson-datatype-jdk8-2.12.6.jar;C:\Users\Cochito Desktop\.m2\repository\com\fasterxml\jackson\datatype\jackson-datatype-jsr310\2.12.6\jackson-datatype-jsr310-2.12.6.jar;C:\Users\Cochito Desktop\.m2\repository\com\fasterxml\jackson\module\jackson-module-parameter-names\2.12.6\jackson-module-parameter-names-2.12.6.jar;C:\Users\Cochito Desktop\.m2\repository\org\springframework\boot\spring-boot-starter-tomcat\2.5.10\spring-boot-starter-tomcat-2.5.10.jar;C:\Users\Cochito Desktop\.m2\repository\org\apache\tomcat\embed\tomcat-embed-core\9.0.58\tomcat-embed-core-9.0.58.jar;C:\Users\Cochito Desktop\.m2\repository\org\apache\tomcat\embed\tomcat-embed-el\9.0.58\tomcat-embed-el-9.0.58.jar;C:\Users\Cochito Desktop\.m2\repository\org\apache\tomcat\embed\tomcat-embed-websocket\9.0.58\tomcat-embed-websocket-9.0.58.jar;C:\Users\Cochito Desktop\.m2\repository\org\springframework\spring-web\5.3.16\spring-web-5.3.16.jar;C:\Users\Cochito Desktop\.m2\repository\org\springframework\spring-webmvc\5.3.16\spring-webmvc-5.3.16.jar;C:\Users\Cochito Desktop\.m2\repository\org\springframework\spring-expression\5.3.16\spring-expression-5.3.16.jar;C:\Users\Cochito Desktop\.m2\repository\com\sendgrid\sendgrid-java\4.7.1\sendgrid-java-4.7.1.jar;C:\Users\Cochito Desktop\.m2\repository\com\sendgrid\java-http-client\4.3.6\java-http-client-4.3.6.jar;C:\Users\Cochito Desktop\.m2\repository\org\apache\httpcomponents\httpcore\4.4.15\httpcore-4.4.15.jar;C:\Users\Cochito Desktop\.m2\repository\org\apache\httpcomponents\httpclient\4.5.13\httpclient-4.5.13.jar;C:\Users\Cochito Desktop\.m2\repository\commons-codec\commons-codec\1.15\commons-codec-1.15.jar;C:\Users\Cochito Desktop\.m2\repository\com\fasterxml\jackson\core\jackson-core\2.12.6\jackson-core-2.12.6.jar;C:\Users\Cochito Desktop\.m2\repository\com\fasterxml\jackson\core\jackson-annotations\2.12.6\jackson-annotations-2.12.6.jar;C:\Users\Cochito Desktop\.m2\repository\com\fasterxml\jackson\core\jackson-databind\2.12.6\jackson-databind-2.12.6.jar;C:\Users\Cochito Desktop\.m2\repository\org\bouncycastle\bcprov-jdk15on\1.67\bcprov-jdk15on-1.67.jar;C:\Users\Cochito Desktop\.m2\repository\org\springframework\boot\spring-boot-starter-security\2.5.10\spring-boot-starter-security-2.5.10.jar;C:\Users\Cochito Desktop\.m2\repository\org\springframework\spring-aop\5.3.16\spring-aop-5.3.16.jar;C:\Users\Cochito Desktop\.m2\repository\org\springframework\security\spring-security-config\5.5.5\spring-security-config-5.5.5.jar;C:\Users\Cochito Desktop\.m2\repository\org\springframework\security\spring-security-core\5.5.5\spring-security-core-5.5.5.jar;C:\Users\Cochito Desktop\.m2\repository\org\springframework\security\spring-security-crypto\5.5.5\spring-security-crypto-5.5.5.jar;C:\Users\Cochito Desktop\.m2\repository\org\springframework\security\spring-security-web\5.5.5\spring-security-web-5.5.5.jar;C:\Users\Cochito Desktop\.m2\repository\org\springframework\boot\spring-boot-devtools\2.5.10\spring-boot-devtools-2.5.10.jar;C:\Users\Cochito Desktop\.m2\repository\org\springframework\boot\spring-boot\2.5.10\spring-boot-2.5.10.jar;C:\Users\Cochito Desktop\.m2\repository\org\springframework\boot\spring-boot-autoconfigure\2.5.10\spring-boot-autoconfigure-2.5.10.jar;C:\Users\Cochito Desktop\.m2\repository\mysql\mysql-connector-java\8.0.28\mysql-connector-java-8.0.28.jar;C:\Users\Cochito Desktop\.m2\repository\nz\net\ultraq\thymeleaf\thymeleaf-layout-dialect\2.5.3\thymeleaf-layout-dialect-2.5.3.jar;C:\Users\Cochito Desktop\.m2\repository\org\codehaus\groovy\groovy\3.0.9\groovy-3.0.9.jar;C:\Users\Cochito Desktop\.m2\repository\nz\net\ultraq\extensions\groovy-extensions\0.3.0\groovy-extensions-0.3.0.jar;C:\Users\Cochito Desktop\.m2\repository\nz\net\ultraq\thymeleaf\thymeleaf-expression-processor\1.2.0\thymeleaf-expression-processor-1.2.0.jar;C:\Users\Cochito Desktop\.m2\repository\org\thymeleaf\thymeleaf\3.0.15.RELEASE\thymeleaf-3.0.15.RELEASE.jar;C:\Users\Cochito Desktop\.m2\repository\ognl\ognl\3.1.26\ognl-3.1.26.jar;C:\Users\Cochito Desktop\.m2\repository\org\attoparser\attoparser\2.0.5.RELEASE\attoparser-2.0.5.RELEASE.jar;C:\Users\Cochito Desktop\.m2\repository\org\unbescape\unbescape\1.1.6.RELEASE\unbescape-1.1.6.RELEASE.jar;C:\Users\Cochito Desktop\.m2\repository\org\webjars\webjars-locator-core\0.46\webjars-locator-core-0.46.jar;C:\Users\Cochito Desktop\.m2\repository\io\github\classgraph\classgraph\4.8.69\classgraph-4.8.69.jar;C:\Users\Cochito Desktop\.m2\repository\org\webjars\bootstrap\4.3.1\bootstrap-4.3.1.jar;C:\Users\Cochito Desktop\.m2\repository\org\webjars\popper.js\1.14.3\popper.js-1.14.3.jar;C:\Users\Cochito Desktop\.m2\repository\org\webjars\jquery\3.3.1-2\jquery-3.3.1-2.jar;C:\Users\Cochito Desktop\.m2\repository\org\springframework\boot\spring-boot-starter-test\2.5.10\spring-boot-starter-test-2.5.10.jar;C:\Users\Cochito Desktop\.m2\repository\org\springframework\boot\spring-boot-test\2.5.10\spring-boot-test-2.5.10.jar;C:\Users\Cochito Desktop\.m2\repository\org\springframework\boot\spring-boot-test-autoconfigure\2.5.10\spring-boot-test-autoconfigure-2.5.10.jar;C:\Users\Cochito Desktop\.m2\repository\com\jayway\jsonpath\json-path\2.5.0\json-path-2.5.0.jar;C:\Users\Cochito Desktop\.m2\repository\net\minidev\json-smart\2.4.8\json-smart-2.4.8.jar;C:\Users\Cochito Desktop\.m2\repository\net\minidev\accessors-smart\2.4.8\accessors-smart-2.4.8.jar;C:\Users\Cochito Desktop\.m2\repository\org\ow2\asm\asm\9.1\asm-9.1.jar;C:\Users\Cochito Desktop\.m2\repository\jakarta\xml\bind\jakarta.xml.bind-api\2.3.3\jakarta.xml.bind-api-2.3.3.jar;C:\Users\Cochito Desktop\.m2\repository\jakarta\activation\jakarta.activation-api\1.2.2\jakarta.activation-api-1.2.2.jar;C:\Users\Cochito Desktop\.m2\repository\org\assertj\assertj-core\3.19.0\assertj-core-3.19.0.jar;C:\Users\Cochito Desktop\.m2\repository\org\hamcrest\hamcrest\2.2\hamcrest-2.2.jar;C:\Users\Cochito Desktop\.m2\repository\org\junit\jupiter\junit-jupiter\5.7.2\junit-jupiter-5.7.2.jar;C:\Users\Cochito Desktop\.m2\repository\org\junit\jupiter\junit-jupiter-api\5.7.2\junit-jupiter-api-5.7.2.jar;C:\Users\Cochito Desktop\.m2\repository\org\apiguardian\apiguardian-api\1.1.0\apiguardian-api-1.1.0.jar;C:\Users\Cochito Desktop\.m2\repository\org\opentest4j\opentest4j\1.2.0\opentest4j-1.2.0.jar;C:\Users\Cochito Desktop\.m2\repository\org\junit\platform\junit-platform-commons\1.7.2\junit-platform-commons-1.7.2.jar;C:\Users\Cochito Desktop\.m2\repository\org\junit\jupiter\junit-jupiter-params\5.7.2\junit-jupiter-params-5.7.2.jar;C:\Users\Cochito Desktop\.m2\repository\org\junit\jupiter\junit-jupiter-engine\5.7.2\junit-jupiter-engine-5.7.2.jar;C:\Users\Cochito Desktop\.m2\repository\org\junit\platform\junit-platform-engine\1.7.2\junit-platform-engine-1.7.2.jar;C:\Users\Cochito Desktop\.m2\repository\org\mockito\mockito-core\3.9.0\mockito-core-3.9.0.jar;C:\Users\Cochito Desktop\.m2\repository\net\bytebuddy\byte-buddy-agent\1.10.22\byte-buddy-agent-1.10.22.jar;C:\Users\Cochito Desktop\.m2\repository\org\objenesis\objenesis\3.2\objenesis-3.2.jar;C:\Users\Cochito Desktop\.m2\repository\org\mockito\mockito-junit-jupiter\3.9.0\mockito-junit-jupiter-3.9.0.jar;C:\Users\Cochito Desktop\.m2\repository\org\skyscreamer\jsonassert\1.5.0\jsonassert-1.5.0.jar;C:\Users\Cochito Desktop\.m2\repository\com\vaadin\external\google\android-json\0.0.20131108.vaadin1\android-json-0.0.20131108.vaadin1.jar;C:\Users\Cochito Desktop\.m2\repository\org\springframework\spring-core\5.3.16\spring-core-5.3.16.jar;C:\Users\Cochito Desktop\.m2\repository\org\springframework\spring-jcl\5.3.16\spring-jcl-5.3.16.jar;C:\Users\Cochito Desktop\.m2\repository\org\springframework\spring-test\5.3.16\spring-test-5.3.16.jar;C:\Users\Cochito Desktop\.m2\repository\org\xmlunit\xmlunit-core\2.8.4\xmlunit-core-2.8.4.jar;"/>
    <property name="java.vm.vendor" value="Oracle Corporation"/>
    <property name="sun.arch.data.model" value="64"/>
    <property name="user.variant" value=""/>
    <property name="java.vendor.url" value="http://java.oracle.com/"/>
    <property name="user.timezone" value="America/Sao_Paulo"/>
    <property name="java.vm.specification.version" value="1.8"/>
    <property name="os.name" value="Windows 10"/>
    <property name="user.country" value="BR"/>
    <property name="sun.java.launcher" value="SUN_STANDARD"/>
    <property name="sun.boot.library.path" value="E:\Program Files\Java\jdk1.8.0_202\jre\bin"/>
    <property name="sun.java.command" value="C:\Users\COCHIT~1\AppData\Local\Temp\surefire8395434162820348888\surefirebooter5950311595311320084.jar C:\Users\Cochito Desktop\AppData\Local\Temp\surefire8395434162820348888 2022-09-26T11-47-44_150-jvmRun1 surefire7626008212521428060tmp surefire_01748927996053538251tmp"/>
    <property name="surefire.test.class.path" value="C:\Users\Cochito Desktop\Documents\GitHub\workspace\inscricao-senai-heroku\target\test-classes;C:\Users\Cochito Desktop\Documents\GitHub\workspace\inscricao-senai-heroku\target\classes;C:\Users\Cochito Desktop\.m2\repository\org\springframework\boot\spring-boot-starter-data-jpa\2.5.10\spring-boot-starter-data-jpa-2.5.10.jar;C:\Users\Cochito Desktop\.m2\repository\org\springframework\boot\spring-boot-starter-aop\2.5.10\spring-boot-starter-aop-2.5.10.jar;C:\Users\Cochito Desktop\.m2\repository\org\aspectj\aspectjweaver\1.9.7\aspectjweaver-1.9.7.jar;C:\Users\Cochito Desktop\.m2\repository\org\springframework\boot\spring-boot-starter-jdbc\2.5.10\spring-boot-starter-jdbc-2.5.10.jar;C:\Users\Cochito Desktop\.m2\repository\com\zaxxer\HikariCP\4.0.3\HikariCP-4.0.3.jar;C:\Users\Cochito Desktop\.m2\repository\org\springframework\spring-jdbc\5.3.16\spring-jdbc-5.3.16.jar;C:\Users\Cochito Desktop\.m2\repository\jakarta\transaction\jakarta.transaction-api\1.3.3\jakarta.transaction-api-1.3.3.jar;C:\Users\Cochito Desktop\.m2\repository\jakarta\persistence\jakarta.persistence-api\2.2.3\jakarta.persistence-api-2.2.3.jar;C:\Users\Cochito Desktop\.m2\repository\org\hibernate\hibernate-core\5.4.33\hibernate-core-5.4.33.jar;C:\Users\Cochito Desktop\.m2\repository\org\jboss\logging\jboss-logging\3.4.3.Final\jboss-logging-3.4.3.Final.jar;C:\Users\Cochito Desktop\.m2\repository\org\javassist\javassist\3.27.0-GA\javassist-3.27.0-GA.jar;C:\Users\Cochito Desktop\.m2\repository\net\bytebuddy\byte-buddy\1.10.22\byte-buddy-1.10.22.jar;C:\Users\Cochito Desktop\.m2\repository\antlr\antlr\2.7.7\antlr-2.7.7.jar;C:\Users\Cochito Desktop\.m2\repository\org\jboss\jandex\2.2.3.Final\jandex-2.2.3.Final.jar;C:\Users\Cochito Desktop\.m2\repository\com\fasterxml\classmate\1.5.1\classmate-1.5.1.jar;C:\Users\Cochito Desktop\.m2\repository\org\dom4j\dom4j\2.1.3\dom4j-2.1.3.jar;C:\Users\Cochito Desktop\.m2\repository\org\hibernate\common\hibernate-commons-annotations\5.1.2.Final\hibernate-commons-annotations-5.1.2.Final.jar;C:\Users\Cochito Desktop\.m2\repository\org\glassfish\jaxb\jaxb-runtime\2.3.6\jaxb-runtime-2.3.6.jar;C:\Users\Cochito Desktop\.m2\repository\org\glassfish\jaxb\txw2\2.3.6\txw2-2.3.6.jar;C:\Users\Cochito Desktop\.m2\repository\com\sun\istack\istack-commons-runtime\3.0.12\istack-commons-runtime-3.0.12.jar;C:\Users\Cochito Desktop\.m2\repository\com\sun\activation\jakarta.activation\1.2.2\jakarta.activation-1.2.2.jar;C:\Users\Cochito Desktop\.m2\repository\org\springframework\data\spring-data-jpa\2.5.9\spring-data-jpa-2.5.9.jar;C:\Users\Cochito Desktop\.m2\repository\org\springframework\data\spring-data-commons\2.5.9\spring-data-commons-2.5.9.jar;C:\Users\Cochito Desktop\.m2\repository\org\springframework\spring-orm\5.3.16\spring-orm-5.3.16.jar;C:\Users\Cochito Desktop\.m2\repository\org\springframework\spring-context\5.3.16\spring-context-5.3.16.jar;C:\Users\Cochito Desktop\.m2\repository\org\springframework\spring-tx\5.3.16\spring-tx-5.3.16.jar;C:\Users\Cochito Desktop\.m2\repository\org\springframework\spring-beans\5.3.16\spring-beans-5.3.16.jar;C:\Users\Cochito Desktop\.m2\repository\org\springframework\spring-aspects\5.3.16\spring-aspects-5.3.16.jar;C:\Users\Cochito Desktop\.m2\repository\org\springframework\boot\spring-boot-starter-thymeleaf\2.5.10\spring-boot-starter-thymeleaf-2.5.10.jar;C:\Users\Cochito Desktop\.m2\repository\org\springframework\boot\spring-boot-starter\2.5.10\spring-boot-starter-2.5.10.jar;C:\Users\Cochito Desktop\.m2\repository\org\springframework\boot\spring-boot-starter-logging\2.5.10\spring-boot-starter-logging-2.5.10.jar;C:\Users\Cochito Desktop\.m2\repository\ch\qos\logback\logback-classic\1.2.10\logback-classic-1.2.10.jar;C:\Users\Cochito Desktop\.m2\repository\ch\qos\logback\logback-core\1.2.10\logback-core-1.2.10.jar;C:\Users\Cochito Desktop\.m2\repository\org\apache\logging\log4j\log4j-to-slf4j\2.17.1\log4j-to-slf4j-2.17.1.jar;C:\Users\Cochito Desktop\.m2\repository\org\apache\logging\log4j\log4j-api\2.17.1\log4j-api-2.17.1.jar;C:\Users\Cochito Desktop\.m2\repository\org\slf4j\jul-to-slf4j\1.7.36\jul-to-slf4j-1.7.36.jar;C:\Users\Cochito Desktop\.m2\repository\jakarta\annotation\jakarta.annotation-api\1.3.5\jakarta.annotation-api-1.3.5.jar;C:\Users\Cochito Desktop\.m2\repository\org\yaml\snakeyaml\1.28\snakeyaml-1.28.jar;C:\Users\Cochito Desktop\.m2\repository\org\thymeleaf\thymeleaf-spring5\3.0.15.RELEASE\thymeleaf-spring5-3.0.15.RELEASE.jar;C:\Users\Cochito Desktop\.m2\repository\org\thymeleaf\extras\thymeleaf-extras-java8time\3.0.4.RELEASE\thymeleaf-extras-java8time-3.0.4.RELEASE.jar;C:\Users\Cochito Desktop\.m2\repository\org\thymeleaf\extras\thymeleaf-extras-springsecurity5\3.0.4.RELEASE\thymeleaf-extras-springsecurity5-3.0.4.RELEASE.jar;C:\Users\Cochito Desktop\.m2\repository\org\slf4j\slf4j-api\1.7.36\slf4j-api-1.7.36.jar;C:\Users\Cochito Desktop\.m2\repository\javax\servlet\jstl\1.2\jstl-1.2.jar;C:\Users\Cochito Desktop\.m2\repository\org\springframework\boot\spring-boot-starter-web\2.5.10\spring-boot-starter-web-2.5.10.jar;C:\Users\Cochito Desktop\.m2\repository\org\springframework\boot\spring-boot-starter-json\2.5.10\spring-boot-starter-json-2.5.10.jar;C:\Users\Cochito Desktop\.m2\repository\com\fasterxml\jackson\datatype\jackson-datatype-jdk8\2.12.6\jackson-datatype-jdk8-2.12.6.jar;C:\Users\Cochito Desktop\.m2\repository\com\fasterxml\jackson\datatype\jackson-datatype-jsr310\2.12.6\jackson-datatype-jsr310-2.12.6.jar;C:\Users\Cochito Desktop\.m2\repository\com\fasterxml\jackson\module\jackson-module-parameter-names\2.12.6\jackson-module-parameter-names-2.12.6.jar;C:\Users\Cochito Desktop\.m2\repository\org\springframework\boot\spring-boot-starter-tomcat\2.5.10\spring-boot-starter-tomcat-2.5.10.jar;C:\Users\Cochito Desktop\.m2\repository\org\apache\tomcat\embed\tomcat-embed-core\9.0.58\tomcat-embed-core-9.0.58.jar;C:\Users\Cochito Desktop\.m2\repository\org\apache\tomcat\embed\tomcat-embed-el\9.0.58\tomcat-embed-el-9.0.58.jar;C:\Users\Cochito Desktop\.m2\repository\org\apache\tomcat\embed\tomcat-embed-websocket\9.0.58\tomcat-embed-websocket-9.0.58.jar;C:\Users\Cochito Desktop\.m2\repository\org\springframework\spring-web\5.3.16\spring-web-5.3.16.jar;C:\Users\Cochito Desktop\.m2\repository\org\springframework\spring-webmvc\5.3.16\spring-webmvc-5.3.16.jar;C:\Users\Cochito Desktop\.m2\repository\org\springframework\spring-expression\5.3.16\spring-expression-5.3.16.jar;C:\Users\Cochito Desktop\.m2\repository\com\sendgrid\sendgrid-java\4.7.1\sendgrid-java-4.7.1.jar;C:\Users\Cochito Desktop\.m2\repository\com\sendgrid\java-http-client\4.3.6\java-http-client-4.3.6.jar;C:\Users\Cochito Desktop\.m2\repository\org\apache\httpcomponents\httpcore\4.4.15\httpcore-4.4.15.jar;C:\Users\Cochito Desktop\.m2\repository\org\apache\httpcomponents\httpclient\4.5.13\httpclient-4.5.13.jar;C:\Users\Cochito Desktop\.m2\repository\commons-codec\commons-codec\1.15\commons-codec-1.15.jar;C:\Users\Cochito Desktop\.m2\repository\com\fasterxml\jackson\core\jackson-core\2.12.6\jackson-core-2.12.6.jar;C:\Users\Cochito Desktop\.m2\repository\com\fasterxml\jackson\core\jackson-annotations\2.12.6\jackson-annotations-2.12.6.jar;C:\Users\Cochito Desktop\.m2\repository\com\fasterxml\jackson\core\jackson-databind\2.12.6\jackson-databind-2.12.6.jar;C:\Users\Cochito Desktop\.m2\repository\org\bouncycastle\bcprov-jdk15on\1.67\bcprov-jdk15on-1.67.jar;C:\Users\Cochito Desktop\.m2\repository\org\springframework\boot\spring-boot-starter-security\2.5.10\spring-boot-starter-security-2.5.10.jar;C:\Users\Cochito Desktop\.m2\repository\org\springframework\spring-aop\5.3.16\spring-aop-5.3.16.jar;C:\Users\Cochito Desktop\.m2\repository\org\springframework\security\spring-security-config\5.5.5\spring-security-config-5.5.5.jar;C:\Users\Cochito Desktop\.m2\repository\org\springframework\security\spring-security-core\5.5.5\spring-security-core-5.5.5.jar;C:\Users\Cochito Desktop\.m2\repository\org\springframework\security\spring-security-crypto\5.5.5\spring-security-crypto-5.5.5.jar;C:\Users\Cochito Desktop\.m2\repository\org\springframework\security\spring-security-web\5.5.5\spring-security-web-5.5.5.jar;C:\Users\Cochito Desktop\.m2\repository\org\springframework\boot\spring-boot-devtools\2.5.10\spring-boot-devtools-2.5.10.jar;C:\Users\Cochito Desktop\.m2\repository\org\springframework\boot\spring-boot\2.5.10\spring-boot-2.5.10.jar;C:\Users\Cochito Desktop\.m2\repository\org\springframework\boot\spring-boot-autoconfigure\2.5.10\spring-boot-autoconfigure-2.5.10.jar;C:\Users\Cochito Desktop\.m2\repository\mysql\mysql-connector-java\8.0.28\mysql-connector-java-8.0.28.jar;C:\Users\Cochito Desktop\.m2\repository\nz\net\ultraq\thymeleaf\thymeleaf-layout-dialect\2.5.3\thymeleaf-layout-dialect-2.5.3.jar;C:\Users\Cochito Desktop\.m2\repository\org\codehaus\groovy\groovy\3.0.9\groovy-3.0.9.jar;C:\Users\Cochito Desktop\.m2\repository\nz\net\ultraq\extensions\groovy-extensions\0.3.0\groovy-extensions-0.3.0.jar;C:\Users\Cochito Desktop\.m2\repository\nz\net\ultraq\thymeleaf\thymeleaf-expression-processor\1.2.0\thymeleaf-expression-processor-1.2.0.jar;C:\Users\Cochito Desktop\.m2\repository\org\thymeleaf\thymeleaf\3.0.15.RELEASE\thymeleaf-3.0.15.RELEASE.jar;C:\Users\Cochito Desktop\.m2\repository\ognl\ognl\3.1.26\ognl-3.1.26.jar;C:\Users\Cochito Desktop\.m2\repository\org\attoparser\attoparser\2.0.5.RELEASE\attoparser-2.0.5.RELEASE.jar;C:\Users\Cochito Desktop\.m2\repository\org\unbescape\unbescape\1.1.6.RELEASE\unbescape-1.1.6.RELEASE.jar;C:\Users\Cochito Desktop\.m2\repository\org\webjars\webjars-locator-core\0.46\webjars-locator-core-0.46.jar;C:\Users\Cochito Desktop\.m2\repository\io\github\classgraph\classgraph\4.8.69\classgraph-4.8.69.jar;C:\Users\Cochito Desktop\.m2\repository\org\webjars\bootstrap\4.3.1\bootstrap-4.3.1.jar;C:\Users\Cochito Desktop\.m2\repository\org\webjars\popper.js\1.14.3\popper.js-1.14.3.jar;C:\Users\Cochito Desktop\.m2\repository\org\webjars\jquery\3.3.1-2\jquery-3.3.1-2.jar;C:\Users\Cochito Desktop\.m2\repository\org\springframework\boot\spring-boot-starter-test\2.5.10\spring-boot-starter-test-2.5.10.jar;C:\Users\Cochito Desktop\.m2\repository\org\springframework\boot\spring-boot-test\2.5.10\spring-boot-test-2.5.10.jar;C:\Users\Cochito Desktop\.m2\repository\org\springframework\boot\spring-boot-test-autoconfigure\2.5.10\spring-boot-test-autoconfigure-2.5.10.jar;C:\Users\Cochito Desktop\.m2\repository\com\jayway\jsonpath\json-path\2.5.0\json-path-2.5.0.jar;C:\Users\Cochito Desktop\.m2\repository\net\minidev\json-smart\2.4.8\json-smart-2.4.8.jar;C:\Users\Cochito Desktop\.m2\repository\net\minidev\accessors-smart\2.4.8\accessors-smart-2.4.8.jar;C:\Users\Cochito Desktop\.m2\repository\org\ow2\asm\asm\9.1\asm-9.1.jar;C:\Users\Cochito Desktop\.m2\repository\jakarta\xml\bind\jakarta.xml.bind-api\2.3.3\jakarta.xml.bind-api-2.3.3.jar;C:\Users\Cochito Desktop\.m2\repository\jakarta\activation\jakarta.activation-api\1.2.2\jakarta.activation-api-1.2.2.jar;C:\Users\Cochito Desktop\.m2\repository\org\assertj\assertj-core\3.19.0\assertj-core-3.19.0.jar;C:\Users\Cochito Desktop\.m2\repository\org\hamcrest\hamcrest\2.2\hamcrest-2.2.jar;C:\Users\Cochito Desktop\.m2\repository\org\junit\jupiter\junit-jupiter\5.7.2\junit-jupiter-5.7.2.jar;C:\Users\Cochito Desktop\.m2\repository\org\junit\jupiter\junit-jupiter-api\5.7.2\junit-jupiter-api-5.7.2.jar;C:\Users\Cochito Desktop\.m2\repository\org\apiguardian\apiguardian-api\1.1.0\apiguardian-api-1.1.0.jar;C:\Users\Cochito Desktop\.m2\repository\org\opentest4j\opentest4j\1.2.0\opentest4j-1.2.0.jar;C:\Users\Cochito Desktop\.m2\repository\org\junit\platform\junit-platform-commons\1.7.2\junit-platform-commons-1.7.2.jar;C:\Users\Cochito Desktop\.m2\repository\org\junit\jupiter\junit-jupiter-params\5.7.2\junit-jupiter-params-5.7.2.jar;C:\Users\Cochito Desktop\.m2\repository\org\junit\jupiter\junit-jupiter-engine\5.7.2\junit-jupiter-engine-5.7.2.jar;C:\Users\Cochito Desktop\.m2\repository\org\junit\platform\junit-platform-engine\1.7.2\junit-platform-engine-1.7.2.jar;C:\Users\Cochito Desktop\.m2\repository\org\mockito\mockito-core\3.9.0\mockito-core-3.9.0.jar;C:\Users\Cochito Desktop\.m2\repository\net\bytebuddy\byte-buddy-agent\1.10.22\byte-buddy-agent-1.10.22.jar;C:\Users\Cochito Desktop\.m2\repository\org\objenesis\objenesis\3.2\objenesis-3.2.jar;C:\Users\Cochito Desktop\.m2\repository\org\mockito\mockito-junit-jupiter\3.9.0\mockito-junit-jupiter-3.9.0.jar;C:\Users\Cochito Desktop\.m2\repository\org\skyscreamer\jsonassert\1.5.0\jsonassert-1.5.0.jar;C:\Users\Cochito Desktop\.m2\repository\com\vaadin\external\google\android-json\0.0.20131108.vaadin1\android-json-0.0.20131108.vaadin1.jar;C:\Users\Cochito Desktop\.m2\repository\org\springframework\spring-core\5.3.16\spring-core-5.3.16.jar;C:\Users\Cochito Desktop\.m2\repository\org\springframework\spring-jcl\5.3.16\spring-jcl-5.3.16.jar;C:\Users\Cochito Desktop\.m2\repository\org\springframework\spring-test\5.3.16\spring-test-5.3.16.jar;C:\Users\Cochito Desktop\.m2\repository\org\xmlunit\xmlunit-core\2.8.4\xmlunit-core-2.8.4.jar;"/>
    <property name="sun.cpu.endian" value="little"/>
    <property name="user.home" value="C:\Users\Cochito Desktop"/>
    <property name="user.language" value="pt"/>
    <property name="java.specification.vendor" value="Oracle Corporation"/>
    <property name="java.home" value="E:\Program Files\Java\jdk1.8.0_202\jre"/>
    <property name="basedir" value="C:\Users\Cochito Desktop\Documents\GitHub\workspace\inscricao-senai-heroku"/>
    <property name="file.separator" value="\"/>
    <property name="line.separator" value="&#10;"/>
    <property name="java.vm.specification.vendor" value="Oracle Corporation"/>
    <property name="java.specification.name" value="Java Platform API Specification"/>
    <property name="java.awt.graphicsenv" value="sun.awt.Win32GraphicsEnvironment"/>
    <property name="surefire.real.class.path" value="C:\Users\COCHIT~1\AppData\Local\Temp\surefire8395434162820348888\surefirebooter5950311595311320084.jar"/>
    <property name="sun.boot.class.path" value="E:\Program Files\Java\jdk1.8.0_202\jre\lib\resources.jar;E:\Program Files\Java\jdk1.8.0_202\jre\lib\rt.jar;E:\Program Files\Java\jdk1.8.0_202\jre\lib\sunrsasign.jar;E:\Program Files\Java\jdk1.8.0_202\jre\lib\jsse.jar;E:\Program Files\Java\jdk1.8.0_202\jre\lib\jce.jar;E:\Program Files\Java\jdk1.8.0_202\jre\lib\charsets.jar;E:\Program Files\Java\jdk1.8.0_202\jre\lib\jfr.jar;E:\Program Files\Java\jdk1.8.0_202\jre\classes"/>
    <property name="user.script" value=""/>
    <property name="sun.management.compiler" value="HotSpot 64-Bit Tiered Compilers"/>
    <property name="java.runtime.version" value="1.8.0_202-b08"/>
    <property name="user.name" value="Cochito Desktop"/>
    <property name="path.separator" value=";"/>
    <property name="os.version" value="10.0"/>
    <property name="java.endorsed.dirs" value="E:\Program Files\Java\jdk1.8.0_202\jre\lib\endorsed"/>
    <property name="java.runtime.name" value="Java(TM) SE Runtime Environment"/>
    <property name="file.encoding" value="Cp1252"/>
    <property name="java.vm.name" value="Java HotSpot(TM) 64-Bit Server VM"/>
    <property name="localRepository" value="C:\Users\Cochito Desktop\.m2\repository"/>
    <property name="java.vendor.url.bug" value="http://bugreport.sun.com/bugreport/"/>
    <property name="java.io.tmpdir" value="C:\Users\COCHIT~1\AppData\Local\Temp\"/>
    <property name="java.version" value="1.8.0_202"/>
    <property name="user.dir" value="C:\Users\Cochito Desktop\Documents\GitHub\workspace\inscricao-senai-heroku"/>
    <property name="os.arch" value="amd64"/>
    <property name="java.vm.specification.name" value="Java Virtual Machine Specification"/>
    <property name="java.awt.printerjob" value="sun.awt.windows.WPrinterJob"/>
    <property name="sun.os.patch.level" value=""/>
    <property name="java.library.path" value="E:\Program Files\Java\jdk1.8.0_202\jre\bin;C:\WINDOWS\Sun\Java\bin;C:\WINDOWS\system32;C:\WINDOWS;C:/Users/Cochito Desktop/.p2/pool/plugins/org.eclipse.justj.openjdk.hotspot.jre.full.win32.x86_64_17.0.2.v20220201-1208/jre/bin/server;C:/Users/Cochito Desktop/.p2/pool/plugins/org.eclipse.justj.openjdk.hotspot.jre.full.win32.x86_64_17.0.2.v20220201-1208/jre/bin;C:\Program Files (x86)\Common Files\Oracle\Java\javapath;C:\Windows\system32;C:\Windows;C:\Windows\System32\Wbem;C:\Windows\System32\WindowsPowerShell\v1.0\;C:\Windows\System32\OpenSSH\;C:\Program Files (x86)\NVIDIA Corporation\PhysX\Common;C:\Program Files\NVIDIA Corporation\NVIDIA NvDLISR;C:\Program Files\dotnet\;C:\WINDOWS\system32;C:\WINDOWS;C:\WINDOWS\System32\Wbem;C:\WINDOWS\System32\WindowsPowerShell\v1.0\;C:\WINDOWS\System32\OpenSSH\;E:\Program Files (x86)\Git\cmd;C:\Program Files\nodejs\;E:\Program Files\Java\jdk1.8.0_202\bin;C:\Program Files\MySQL\MySQL Shell 8.0\bin\;C:\Users\Cochito Desktop\AppData\Local\Programs\Python\Python310\Scripts\;C:\Users\Cochito Desktop\AppData\Local\Programs\Python\Python310\;C:\Users\Cochito Desktop\AppData\Local\Microsoft\WindowsApps;E:\Program Files (x86)\Microsoft VS Code\bin;C:\Users\Cochito Desktop\AppData\Roaming\npm;C:\Users\Cochito Desktop\AppData\Local\GitHubDesktop\bin;E:\Program Files\heroku\bin;C:\Users\Cochito Desktop\AppData\Local\Google\Cloud SDK\google-cloud-sdk\bin;C:\Gradle\gradle-7.5.1\bin;;C:\WINDOWS\system32;;."/>
    <property name="java.vm.info" value="mixed mode"/>
    <property name="java.vendor" value="Oracle Corporation"/>
    <property name="java.vm.version" value="25.202-b08"/>
    <property name="java.ext.dirs" value="E:\Program Files\Java\jdk1.8.0_202\jre\lib\ext;C:\WINDOWS\Sun\Java\lib\ext"/>
    <property name="sun.io.unicode.encoding" value="UnicodeLittle"/>
    <property name="java.class.version" value="52.0"/>
  </properties>
  <testcase name="contextLoads" classname="com.senai.inscricao.PaginaInscricaoSenaiApplicationTests" time="0.083"/>
</testsuite>